[ID 363]
(9080000, 5160000), (9080000, 3880000)
(9080000, 3880000), (8760000, 3880000)
(9080000, 3880000), (9080000, 3800000)
(9080000, 3800000), (7640000, 3800000)
(9080000, 3800000), (9080000, 3509000)
(9080000, 3509000), (8977000, 3509000)
(8977000, 3509000), (8944000, 3509000)
(8944000, 3509000), (8068972, 3509000)
(8068972, 3509000), (8068972, 2920000)
(8068972, 2920000), (8040000, 2920000)
(8944000, 3509000), (8944000, 3226998)
(8977000, 3509000), (8977000, 2253000)
(8977000, 2253000), (9490000, 2253000)
(9490000, 2253000), (9490000, 2200000)
(9080000, 3509000), (9678984, 3509000)
(9678984, 3509000), (9678984, 149000)
(9678984, 149000), (8035140, 149000)
(8035140, 149000), (8035140, 164080)
(8035140, 164080), (4840000, 164080)
(4840000, 164080), (4840000, 360000)
[ID 364]
(9080000, 5160000), (9080000, 3880000)
(9080000, 3880000), (8760000, 3880000)
(9080000, 3880000), (9080000, 3800000)
(9080000, 3800000), (7640000, 3800000)
(9080000, 3800000), (9080000, 3509000)
(9080000, 3509000), (8977000, 3509000)
(8977000, 3509000), (8944000, 3509000)
(8944000, 3509000), (8068972, 3509000)
(8068972, 3509000), (8068972, 2920000)
(8068972, 2920000), (8040000, 2920000)
(8944000, 3509000), (8944000, 3226998)
(8977000, 3509000), (8977000, 2253000)
(8977000, 2253000), (9490000, 2253000)
(9490000, 2253000), (9490000, 2200000)
(9080000, 3509000), (9678984, 3509000)
(9678984, 3509000), (9678984, 149000)
(9678984, 149000), (8035140, 149000)
(8035140, 149000), (8035140, 164080)
(8035140, 164080), (4840000, 164080)
(4840000, 164080), (4840000, 360000)
[ID 365]
(7640000, 3800000), (7640000, 2950000)
(7640000, 2950000), (7995168, 2950000)
(7995168, 2950000), (7995168, 2920000)
(7995168, 2920000), (8040000, 2920000)
(7995168, 2950000), (8977000, 2950000)
(8977000, 2950000), (8977000, 2253000)
(8977000, 2253000), (9482000, 2253000)
(9482000, 2253000), (9482000, 2200000)
(9482000, 2200000), (9490000, 2200000)
[ID 366]
(9080000, 5160000), (9080000, 3839999)
(9080000, 3839999), (7640000, 3839999)
(7640000, 3839999), (7640000, 3800000)
[ID 367]
(9080000, 5160000), (9080000, 3839999)
(9080000, 3839999), (7640000, 3839999)
(7640000, 3839999), (7640000, 3800000)
[ID 368]
(9080000, 5160000), (9080000, 4796000)
(9080000, 4796000), (8644000, 4796000)
(8644000, 4796000), (8644000, 4515000)
(8644000, 4515000), (7640000, 4515000)
(7640000, 4515000), (7640000, 3800000)
