[ID 2272]
(22600000,9640000),(22600000,8185872)
(22600000,8185872),(22600000,6648000)
(22600000,6648000),(21545000,6648000)
(21545000,6648000),(21545000,2930284)
(21545000,2930284),(22704000,2930284)
(22704000,2930284),(22704000,2200000)
(22704000,2200000),(22760000,2200000)
(22600000,8185872),(22760000,8185872)
(22760000,8185872),(22760000,8120000)
(22600000,9640000),(22600000,10440000)
(22600000,10440000),(22600000,10520000)
(22600000,10520000),(22600000,11240000)
(22600000,11240000),(22600000,11688000)
(22600000,11688000),(22825000,11688000)
(22825000,11688000),(22825000,13003000)
(22825000,13003000),(21976704,13003000)
(21976704,13003000),(21976704,15024000)
(21976704,15024000),(21545000,15024000)
(21545000,15024000),(21545000,18718000)
(21545000,18718000),(22760000,18718000)
(22760000,18718000),(22760000,20040000)
(22600000,10520000),(22760000,10520000)
